Copyright 1986-2022 Xilinx, Inc. All Rights Reserved.
------------------------------------------------------------------------------------
| Tool Version : Vivado v.2022.2 (win64) Build 3671981 Fri Oct 14 05:00:03 MDT 2022
| Date         : Mon May 15 04:58:08 2023
| Host         : COJTHW108 running 64-bit major release  (build 9200)
| Command      : report_control_sets -verbose -file kadai4_control_sets_placed.rpt
| Design       : kadai4
| Device       : xc7z020
------------------------------------------------------------------------------------

Control Set Information

Table of Contents
-----------------
1. Summary
2. Histogram
3. Flip-Flop Distribution
4. Detailed Control Set Information

1. Summary
----------

+----------------------------------------------------------+-------+
|                          Status                          | Count |
+----------------------------------------------------------+-------+
| Total control sets                                       |     6 |
|    Minimum number of control sets                        |     6 |
|    Addition due to synthesis replication                 |     0 |
|    Addition due to physical synthesis replication        |     0 |
| Unused register locations in slices containing registers |     4 |
+----------------------------------------------------------+-------+
* Control sets can be merged at opt_design using control_set_merge or merge_equivalent_drivers
** Run report_qor_suggestions for automated merging and remapping suggestions


2. Histogram
------------

+--------------------+-------+
|       Fanout       | Count |
+--------------------+-------+
| Total control sets |     6 |
| >= 0 to < 4        |     0 |
| >= 4 to < 6        |     0 |
| >= 6 to < 8        |     1 |
| >= 8 to < 10       |     0 |
| >= 10 to < 12      |     0 |
| >= 12 to < 14      |     1 |
| >= 14 to < 16      |     0 |
| >= 16              |     4 |
+--------------------+-------+
* Control sets can be remapped at either synth_design or opt_design


3. Flip-Flop Distribution
-------------------------

+--------------+-----------------------+------------------------+-----------------+--------------+
| Clock Enable | Synchronous Set/Reset | Asynchronous Set/Reset | Total Registers | Total Slices |
+--------------+-----------------------+------------------------+-----------------+--------------+
| No           | No                    | No                     |               7 |            4 |
| No           | No                    | Yes                    |               0 |            0 |
| No           | Yes                   | No                     |              13 |            7 |
| Yes          | No                    | No                     |               0 |            0 |
| Yes          | No                    | Yes                    |               0 |            0 |
| Yes          | Yes                   | No                     |              32 |            6 |
+--------------+-----------------------+------------------------+-----------------+--------------+


4. Detailed Control Set Information
-----------------------------------

+----------------+---------------------------------+------------------+------------------+----------------+--------------+
|  Clock Signal  |          Enable Signal          | Set/Reset Signal | Slice Load Count | Bel Load Count | Bels / Slice |
+----------------+---------------------------------+------------------+------------------+----------------+--------------+
|  CLK_IBUF_BUFG |                                 |                  |                4 |              7 |         1.75 |
|  CLK_IBUF_BUFG |                                 | u_fifo1/SR[0]    |                7 |             13 |         1.86 |
|  CLK_IBUF_BUFG | u_fifo1/DOUT[15]_i_1_n_0        | u_fifo1/SR[0]    |                3 |             16 |         5.33 |
|  CLK_IBUF_BUFG | u_fifo1/E[0]                    | u_fifo1/SR[0]    |                3 |             16 |         5.33 |
|  CLK_IBUF_BUFG | u_fifo0/MEM_reg_0_7_0_5_i_1_n_0 |                  |                3 |             24 |         8.00 |
|  CLK_IBUF_BUFG | u_fifo0/p_0_in                  |                  |                3 |             24 |         8.00 |
+----------------+---------------------------------+------------------+------------------+----------------+--------------+


